#-----------------------------------------------------------
# Vivado v2024.2 (64-bit)
# SW Build 5239630 on Fri Nov 08 22:35:27 MST 2024
# IP Build 5239520 on Sun Nov 10 16:12:51 MST 2024
# SharedData Build 5239561 on Fri Nov 08 14:39:27 MST 2024
# Start of session at: Mon Jun 16 21:18:38 2025
# Process ID         : 11068
# Current directory  : C:/Users/yunwe/Downloads/ASCON Project/ascon
# Command line       : vivado.exe -gui_launcher_event rodinguilauncherevent29860 C:\Users\yunwe\Downloads\ASCON Project\ascon\ascon.xpr
# Log file           : C:/Users/yunwe/Downloads/ASCON Project/ascon/vivado.log
# Journal file       : C:/Users/yunwe/Downloads/ASCON Project/ascon\vivado.jou
# Running On         : MOSS
# Platform           : Windows Server 2016 or Windows 10
# Operating System   : 26100
# Processor Detail   : AMD Ryzen 7 6800H with Radeon Graphics         
# CPU Frequency      : 3194 MHz
# CPU Physical cores : 8
# CPU Logical cores  : 16
# Host memory        : 16312 MB
# Swap memory        : 11274 MB
# Total Virtual      : 27587 MB
# Available Virtual  : 5312 MB
#-----------------------------------------------------------
start_gui
open_project {C:/Users/yunwe/Downloads/ASCON Project/ascon/ascon.xpr}
WARNING: [Board 49-26] cannot add Board Part xilinx.com:zcu208ld:part0:2.0 available at E:/Xilinx/Vivado/2024.2/data/xhub/boards/XilinxBoardStore/boards/Xilinx/zcu208ld/production/2.0/board.xml as part xczu58dr-fsvg1517-2-i specified in board_part file is either invalid or not available
WARNING: [Board 49-26] cannot add Board Part xilinx.com:zcu216ld:part0:2.0 available at E:/Xilinx/Vivado/2024.2/data/xhub/boards/XilinxBoardStore/boards/Xilinx/zcu216ld/production/2.0/board.xml as part xczu59dr-ffvf1760-2-i specified in board_part file is either invalid or not available
WARNING: [Board 49-26] cannot add Board Part xilinx.com:zcu670ld:part0:1.0 available at E:/Xilinx/Vivado/2024.2/data/xhub/boards/XilinxBoardStore/boards/Xilinx/zcu670ld/1.0/board.xml as part xczu57dr-fsve1156-2-i specified in board_part file is either invalid or not available
INFO: [Project 1-313] Project file moved from 'C:/Users/yunwe/Downloads/assignment1_material/ascon' since last save.
INFO: [filemgmt 56-3] Default IP Output Path : Could not find the directory 'C:/Users/yunwe/Downloads/ASCON Project/ascon/ascon.gen/sources_1'.
Scanning sources...
Finished scanning sources
INFO: [IP_Flow 19-234] Refreshing IP repositories
INFO: [IP_Flow 19-1704] No user IP repositories specified
INFO: [IP_Flow 19-2313] Loaded Vivado IP repository 'E:/Xilinx/Vivado/2024.2/data/ip'.
open_project: Time (s): cpu = 00:00:29 ; elapsed = 00:00:14 . Memory (MB): peak = 1654.805 ; gain = 390.219
update_compile_order -fileset sources_1
WARNING: [filemgmt 56-199] Attempt to get parsing info during refresh. "On-the-fly" syntax checking information may be incorrect. [C:\Users\yunwe\Downloads\ASCON Project\ascon\ascon.srcs\sources_1\ASCON.vhd:]
WARNING: [filemgmt 56-199] Attempt to get parsing info during refresh. "On-the-fly" syntax checking information may be incorrect. [C:\Users\yunwe\Downloads\ASCON Project\ascon\ascon.srcs\sources_1\FSM.vhd:]
WARNING: [filemgmt 56-199] Attempt to get parsing info during refresh. "On-the-fly" syntax checking information may be incorrect. [C:\Users\yunwe\Downloads\ASCON Project\ascon\ascon.srcs\sources_1\FSM.vhd:]
WARNING: [filemgmt 56-199] Attempt to get parsing info during refresh. "On-the-fly" syntax checking information may be incorrect. [C:\Users\yunwe\Downloads\ASCON Project\ascon\ascon.srcs\sources_1\FSM.vhd:]
ERROR: [Common 17-180] Spawn failed: No error
WARNING: [filemgmt 56-199] Attempt to get parsing info during refresh. "On-the-fly" syntax checking information may be incorrect. [C:\Users\yunwe\Downloads\ASCON Project\ascon\ascon.srcs\sources_1\ASCON.vhd:]
WARNING: [filemgmt 56-199] Attempt to get parsing info during refresh. "On-the-fly" syntax checking information may be incorrect. [C:\Users\yunwe\Downloads\ASCON Project\ascon\ascon.srcs\sources_1\FSM.vhd:]
WARNING: [filemgmt 56-199] Attempt to get parsing info during refresh. "On-the-fly" syntax checking information may be incorrect. [C:\Users\yunwe\Downloads\ASCON Project\ascon\ascon.srcs\sources_1\testbench.vhd:]
WARNING: [filemgmt 56-199] Attempt to get parsing info during refresh. "On-the-fly" syntax checking information may be incorrect. [C:\Users\yunwe\Downloads\ASCON Project\ascon\ascon.srcs\sources_1\FSM.vhd:]
WARNING: [filemgmt 56-199] Attempt to get parsing info during refresh. "On-the-fly" syntax checking information may be incorrect. [C:\Users\yunwe\Downloads\ASCON Project\ascon\ascon.srcs\sources_1\FSM.vhd:]
WARNING: [filemgmt 56-199] Attempt to get parsing info during refresh. "On-the-fly" syntax checking information may be incorrect. [C:\Users\yunwe\Downloads\ASCON Project\ascon\ascon.srcs\sources_1\ASCON.vhd:]
WARNING: [filemgmt 56-199] Attempt to get parsing info during refresh. "On-the-fly" syntax checking information may be incorrect. [C:\Users\yunwe\Downloads\ASCON Project\ascon\ascon.srcs\sources_1\FSM.vhd:]
WARNING: [filemgmt 56-199] Attempt to get parsing info during refresh. "On-the-fly" syntax checking information may be incorrect. [C:\Users\yunwe\Downloads\ASCON Project\ascon\ascon.srcs\sources_1\testbench.vhd:]
WARNING: [filemgmt 56-199] Attempt to get parsing info during refresh. "On-the-fly" syntax checking information may be incorrect. [C:\Users\yunwe\Downloads\ASCON Project\ascon\ascon.srcs\sources_1\ASCON.vhd:]
WARNING: [filemgmt 56-199] Attempt to get parsing info during refresh. "On-the-fly" syntax checking information may be incorrect. [C:\Users\yunwe\Downloads\ASCON Project\ascon\ascon.srcs\sources_1\ASCON.vhd:]
exit
INFO: [Common 17-206] Exiting Vivado at Mon Jun 16 21:20:35 2025...
